{"Z:\\Porfolio\\22 - React\\02-git-expert-app\\src\\components\\AddCategory.tsx": {"path":"Z:\\Porfolio\\22 - React\\02-git-expert-app\\src\\components\\AddCategory.tsx","statementMap":{"0":{"start":{"line":6,"column":27},"end":{"line":32,"column":1}},"1":{"start":{"line":7,"column":38},"end":{"line":7,"column":60}},"2":{"start":{"line":9,"column":28},"end":{"line":11,"column":3}},"3":{"start":{"line":10,"column":4},"end":{"line":10,"column":34}},"4":{"start":{"line":13,"column":23},"end":{"line":20,"column":3}},"5":{"start":{"line":14,"column":4},"end":{"line":14,"column":23}},"6":{"start":{"line":16,"column":4},"end":{"line":16,"column":45}},"7":{"start":{"line":16,"column":38},"end":{"line":16,"column":45}},"8":{"start":{"line":18,"column":4},"end":{"line":18,"column":33}},"9":{"start":{"line":19,"column":4},"end":{"line":19,"column":22}},"10":{"start":{"line":22,"column":2},"end":{"line":31,"column":4}},"11":{"start":{"line":23,"column":41},"end":{"line":23,"column":60}},"12":{"start":{"line":28,"column":29},"end":{"line":28,"column":53}}},"fnMap":{"0":{"name":"(anonymous_0)","decl":{"start":{"line":6,"column":27},"end":{"line":6,"column":28}},"loc":{"start":{"line":6,"column":64},"end":{"line":32,"column":1}},"line":6},"1":{"name":"(anonymous_1)","decl":{"start":{"line":9,"column":28},"end":{"line":9,"column":29}},"loc":{"start":{"line":9,"column":72},"end":{"line":11,"column":3}},"line":9},"2":{"name":"(anonymous_2)","decl":{"start":{"line":13,"column":23},"end":{"line":13,"column":24}},"loc":{"start":{"line":13,"column":64},"end":{"line":20,"column":3}},"line":13},"3":{"name":"(anonymous_3)","decl":{"start":{"line":23,"column":30},"end":{"line":23,"column":31}},"loc":{"start":{"line":23,"column":41},"end":{"line":23,"column":60}},"line":23},"4":{"name":"(anonymous_4)","decl":{"start":{"line":28,"column":18},"end":{"line":28,"column":19}},"loc":{"start":{"line":28,"column":29},"end":{"line":28,"column":53}},"line":28}},"branchMap":{"0":{"loc":{"start":{"line":16,"column":4},"end":{"line":16,"column":45}},"type":"if","locations":[{"start":{"line":16,"column":4},"end":{"line":16,"column":45}},{"start":{},"end":{}}],"line":16}},"s":{"0":1,"1":0,"2":0,"3":0,"4":0,"5":0,"6":0,"7":0,"8":0,"9":0,"10":0,"11":0,"12":0},"f":{"0":0,"1":0,"2":0,"3":0,"4":0},"b":{"0":[0,0]},"_coverageSchema":"1a1c01bbd47fc00a2c39e90264f33305004495a9","hash":"6814e6c96c1ececd177ee37ae2b97b95cb8f15a5"}
,"Z:\\Porfolio\\22 - React\\02-git-expert-app\\src\\components\\GifGrid.tsx": {"path":"Z:\\Porfolio\\22 - React\\02-git-expert-app\\src\\components\\GifGrid.tsx","statementMap":{"0":{"start":{"line":9,"column":23},"end":{"line":19,"column":1}},"1":{"start":{"line":12,"column":2},"end":{"line":18,"column":4}},"2":{"start":{"line":15,"column":8},"end":{"line":15,"column":56}}},"fnMap":{"0":{"name":"(anonymous_0)","decl":{"start":{"line":9,"column":23},"end":{"line":9,"column":24}},"loc":{"start":{"line":9,"column":57},"end":{"line":19,"column":1}},"line":9},"1":{"name":"(anonymous_1)","decl":{"start":{"line":14,"column":22},"end":{"line":14,"column":23}},"loc":{"start":{"line":14,"column":43},"end":{"line":16,"column":7}},"line":14}},"branchMap":{},"s":{"0":1,"1":0,"2":0},"f":{"0":0,"1":0},"b":{},"_coverageSchema":"1a1c01bbd47fc00a2c39e90264f33305004495a9","hash":"4fa6d262efefe76fe6b89c3000e0ec2f3d9569d4"}
,"Z:\\Porfolio\\22 - React\\02-git-expert-app\\src\\components\\GifItem.tsx": {"path":"Z:\\Porfolio\\22 - React\\02-git-expert-app\\src\\components\\GifItem.tsx","statementMap":{"0":{"start":{"line":9,"column":23},"end":{"line":17,"column":1}},"1":{"start":{"line":10,"column":2},"end":{"line":16,"column":3}}},"fnMap":{"0":{"name":"(anonymous_0)","decl":{"start":{"line":9,"column":23},"end":{"line":9,"column":24}},"loc":{"start":{"line":9,"column":56},"end":{"line":17,"column":1}},"line":9}},"branchMap":{},"s":{"0":1,"1":3},"f":{"0":3},"b":{},"_coverageSchema":"1a1c01bbd47fc00a2c39e90264f33305004495a9","hash":"d4038b533e5ef9156346e6043225f47e6985752a"}
,"Z:\\Porfolio\\22 - React\\02-git-expert-app\\src\\components\\Gifs.tsx": {"path":"Z:\\Porfolio\\22 - React\\02-git-expert-app\\src\\components\\Gifs.tsx","statementMap":{"0":{"start":{"line":9,"column":20},"end":{"line":43,"column":1}},"1":{"start":{"line":10,"column":32},"end":{"line":10,"column":58}},"2":{"start":{"line":29,"column":2},"end":{"line":31,"column":3}},"3":{"start":{"line":30,"column":4},"end":{"line":30,"column":29}},"4":{"start":{"line":33,"column":2},"end":{"line":42,"column":4}},"5":{"start":{"line":38,"column":10},"end":{"line":38,"column":51}}},"fnMap":{"0":{"name":"(anonymous_0)","decl":{"start":{"line":9,"column":20},"end":{"line":9,"column":21}},"loc":{"start":{"line":9,"column":49},"end":{"line":43,"column":1}},"line":9},"1":{"name":"(anonymous_1)","decl":{"start":{"line":37,"column":20},"end":{"line":37,"column":21}},"loc":{"start":{"line":37,"column":34},"end":{"line":39,"column":9}},"line":37}},"branchMap":{"0":{"loc":{"start":{"line":29,"column":2},"end":{"line":31,"column":3}},"type":"if","locations":[{"start":{"line":29,"column":2},"end":{"line":31,"column":3}},{"start":{},"end":{}}],"line":29}},"s":{"0":1,"1":0,"2":0,"3":0,"4":0,"5":0},"f":{"0":0,"1":0},"b":{"0":[0,0]},"_coverageSchema":"1a1c01bbd47fc00a2c39e90264f33305004495a9","hash":"f3419fac621d94c948f168a4ffdfa5bc9c84c0a5"}
,"Z:\\Porfolio\\22 - React\\02-git-expert-app\\src\\components\\index.ts": {"path":"Z:\\Porfolio\\22 - React\\02-git-expert-app\\src\\components\\index.ts","statementMap":{},"fnMap":{},"branchMap":{},"s":{},"f":{},"b":{},"_coverageSchema":"1a1c01bbd47fc00a2c39e90264f33305004495a9","hash":"650046037585f82dc34ee75f7f3a2fe721d97e6d"}
,"Z:\\Porfolio\\22 - React\\02-git-expert-app\\src\\helpers\\getGifs.ts": {"path":"Z:\\Porfolio\\22 - React\\02-git-expert-app\\src\\helpers\\getGifs.ts","statementMap":{"0":{"start":{"line":2,"column":23},"end":{"line":16,"column":3}},"1":{"start":{"line":3,"column":16},"end":{"line":3,"column":118}},"2":{"start":{"line":4,"column":17},"end":{"line":4,"column":33}},"3":{"start":{"line":5,"column":21},"end":{"line":5,"column":38}},"4":{"start":{"line":7,"column":17},"end":{"line":11,"column":7}},"5":{"start":{"line":7,"column":41},"end":{"line":11,"column":5}},"6":{"start":{"line":13,"column":24},"end":{"line":13,"column":78}},"7":{"start":{"line":15,"column":4},"end":{"line":15,"column":16}},"8":{"start":{"line":23,"column":85},"end":{"line":23,"column":39086}},"9":{"start":{"line":23,"column":89},"end":{"line":23,"column":39075}},"10":{"start":{"line":23,"column":39201},"end":{"line":23,"column":39207}},"11":{"start":{"line":23,"column":39322},"end":{"line":23,"column":39328}},"12":{"start":{"line":23,"column":39447},"end":{"line":23,"column":39453}},"13":{"start":{"line":23,"column":39597},"end":{"line":23,"column":39603}}},"fnMap":{"0":{"name":"(anonymous_0)","decl":{"start":{"line":2,"column":23},"end":{"line":2,"column":24}},"loc":{"start":{"line":2,"column":53},"end":{"line":16,"column":3}},"line":2},"1":{"name":"(anonymous_1)","decl":{"start":{"line":7,"column":26},"end":{"line":7,"column":27}},"loc":{"start":{"line":7,"column":41},"end":{"line":11,"column":5}},"line":7},"2":{"name":"oo_cm","decl":{"start":{"line":23,"column":77},"end":{"line":23,"column":82}},"loc":{"start":{"line":23,"column":84},"end":{"line":23,"column":39087}},"line":23}},"branchMap":{"0":{"loc":{"start":{"line":23,"column":96},"end":{"line":23,"column":39074}},"type":"binary-expr","locations":[{"start":{"line":23,"column":96},"end":{"line":23,"column":133}},{"start":{"line":23,"column":137},"end":{"line":23,"column":39074}}],"line":23}},"s":{"0":2,"1":2,"2":2,"3":2,"4":2,"5":10,"6":2,"7":2,"8":2,"9":2,"10":2,"11":2,"12":2,"13":2},"f":{"0":2,"1":10,"2":2},"b":{"0":[2,1]},"_coverageSchema":"1a1c01bbd47fc00a2c39e90264f33305004495a9","hash":"4226e193d55ec5fe1bba15f42b9c5f04cbc22047"}
,"Z:\\Porfolio\\22 - React\\02-git-expert-app\\src\\hooks\\useFetchGifs.ts": {"path":"Z:\\Porfolio\\22 - React\\02-git-expert-app\\src\\hooks\\useFetchGifs.ts","statementMap":{"0":{"start":{"line":8,"column":28},"end":{"line":27,"column":1}},"1":{"start":{"line":9,"column":30},"end":{"line":9,"column":42}},"2":{"start":{"line":10,"column":36},"end":{"line":10,"column":50}},"3":{"start":{"line":12,"column":20},"end":{"line":16,"column":3}},"4":{"start":{"line":13,"column":17},"end":{"line":13,"column":40}},"5":{"start":{"line":14,"column":4},"end":{"line":14,"column":20}},"6":{"start":{"line":15,"column":4},"end":{"line":15,"column":24}},"7":{"start":{"line":18,"column":2},"end":{"line":21,"column":9}},"8":{"start":{"line":19,"column":4},"end":{"line":19,"column":16}},"9":{"start":{"line":23,"column":2},"end":{"line":26,"column":4}}},"fnMap":{"0":{"name":"(anonymous_0)","decl":{"start":{"line":8,"column":28},"end":{"line":8,"column":29}},"loc":{"start":{"line":8,"column":57},"end":{"line":27,"column":1}},"line":8},"1":{"name":"(anonymous_1)","decl":{"start":{"line":12,"column":20},"end":{"line":12,"column":21}},"loc":{"start":{"line":12,"column":32},"end":{"line":16,"column":3}},"line":12},"2":{"name":"(anonymous_2)","decl":{"start":{"line":18,"column":12},"end":{"line":18,"column":13}},"loc":{"start":{"line":18,"column":18},"end":{"line":21,"column":3}},"line":18}},"branchMap":{},"s":{"0":1,"1":0,"2":0,"3":0,"4":0,"5":0,"6":0,"7":0,"8":0,"9":0},"f":{"0":0,"1":0,"2":0},"b":{},"_coverageSchema":"1a1c01bbd47fc00a2c39e90264f33305004495a9","hash":"aa43d534cfaf1dafda8d570819f692b8b994abe6"}
}
